<?xml version="1.0" encoding="UTF-8"?>
<testsuite name="com.example.sunrise.SunriseApplicationTests" tests="1" skipped="0" failures="0" errors="0" timestamp="2026-09-04T09:35:07.075Z" hostname="AZAM" time="10.778">
  <properties/>
  <testcase name="contextLoads()" classname="com.example.sunrise.SunriseApplicationTests" time="0.504"/>
  <system-out><![CDATA[15:05:07.372 [Test worker] INFO org.springframework.test.context.support.AnnotationConfigContextLoaderUtils -- Could not detect default configuration classes for test class [com.example.sunrise.SunriseApplicationTests]: SunriseApplicationTests does not declare any static, non-private, non-final, nested classes annotated with @Configuration.
15:05:07.521 [Test worker] INFO org.springframework.boot.test.context.SpringBootTestContextBootstrapper -- Found @SpringBootConfiguration com.example.sunrise.SunriseApplication for test class com.example.sunrise.SunriseApplicationTests
15:05:07.675 [Test worker] INFO org.springframework.test.context.support.AnnotationConfigContextLoaderUtils -- Could not detect default configuration classes for test class [com.example.sunrise.SunriseApplicationTests]: SunriseApplicationTests does not declare any static, non-private, non-final, nested classes annotated with @Configuration.
15:05:07.677 [Test worker] INFO org.springframework.boot.test.context.SpringBootTestContextBootstrapper -- Found @SpringBootConfiguration com.example.sunrise.SunriseApplication for test class com.example.sunrise.SunriseApplicationTests

  .   ____          _            __ _ _
 /\\ / ___'_ __ _ _(_)_ __  __ _ \ \ \ \
( ( )\___ | '_ | '_| | '_ \/ _` | \ \ \ \
 \\/  ___)| |_)| | | | | || (_| |  ) ) ) )
  '  |____| .__|_| |_|_| |_\__, | / / / /
 =========|_|==============|___/=/_/_/_/

 :: Spring Boot ::                (v4.1.1)

2026-09-04T15:05:08.163+05:30  INFO 21092 --- [    Test worker] c.e.sunrise.SunriseApplicationTests      : Starting SunriseApplicationTests using Java 17.0.12 with PID 21092 (started by ASAM in C:\Users\ASAM\Documents\NetBeansProjects\sunrise)
2026-09-04T15:05:08.166+05:30  INFO 21092 --- [    Test worker] c.e.sunrise.SunriseApplicationTests      : No active profile set, falling back to 1 default profile: "default"
2026-09-04T15:05:09.361+05:30  INFO 21092 --- [    Test worker] .s.d.r.c.RepositoryConfigurationDelegate : Bootstrapping Spring Data JPA repositories in DEFAULT mode.
2026-09-04T15:05:09.495+05:30  INFO 21092 --- [    Test worker] .s.d.r.c.RepositoryConfigurationDelegate : Finished Spring Data repository scanning in 114 ms. Found 8 JPA repository interfaces.
2026-09-04T15:05:10.433+05:30  INFO 21092 --- [    Test worker] org.hibernate.orm.jpa                    : HHH008540: Processing PersistenceUnitInfo [name: default]
2026-09-04T15:05:10.577+05:30  INFO 21092 --- [    Test worker] org.hibernate.orm.core                   : HHH000001: Hibernate ORM core version 7.4.5.Final
2026-09-04T15:05:11.548+05:30  INFO 21092 --- [    Test worker] o.s.o.j.p.SpringPersistenceUnitInfo      : No LoadTimeWeaver setup: ignoring JPA class transformer
2026-09-04T15:05:11.617+05:30  INFO 21092 --- [    Test worker] com.zaxxer.hikari.HikariDataSource       : HikariPool-1 - Starting...
2026-09-04T15:05:11.962+05:30  INFO 21092 --- [    Test worker] com.zaxxer.hikari.pool.HikariPool        : HikariPool-1 - Added connection conn0: url=jdbc:h2:mem:sunrise_test user=SA
2026-09-04T15:05:11.965+05:30  INFO 21092 --- [    Test worker] com.zaxxer.hikari.HikariDataSource       : HikariPool-1 - Start completed.
2026-09-04T15:05:12.092+05:30  INFO 21092 --- [    Test worker] org.hibernate.orm.connections.pooling    : HHH10001005: Database info:
	Database JDBC URL [jdbc:h2:mem:sunrise_test]
	Database driver: H2 JDBC Driver
	Database dialect: H2Dialect
	Database version: 2.4.240
	Default catalog/schema: sunrise_test/public
	Autocommit mode: undefined/unknown
	Isolation level: READ_COMMITTED [default READ_COMMITTED]
	JDBC fetch size: 100
	Pool: DataSourceConnectionProvider
	Minimum pool size: undefined/unknown
	Maximum pool size: undefined/unknown
2026-09-04T15:05:13.821+05:30  INFO 21092 --- [    Test worker] org.hibernate.orm.core                   : HHH000489: No JTA platform available (set 'hibernate.transaction.jta.platform' to enable JTA platform integration)
2026-09-04T15:05:13.955+05:30  INFO 21092 --- [    Test worker] j.LocalContainerEntityManagerFactoryBean : Initialized JPA EntityManagerFactory for persistence unit 'default'
2026-09-04T15:05:14.157+05:30  INFO 21092 --- [    Test worker] o.s.d.j.r.query.QueryEnhancerFactories   : Hibernate is in classpath; If applicable, HQL parser will be used.
2026-09-04T15:05:14.919+05:30  WARN 21092 --- [    Test worker] JpaBaseConfiguration$JpaWebConfiguration : spring.jpa.open-in-view is enabled by default. Therefore, database queries may be performed during view rendering. Explicitly configure spring.jpa.open-in-view to disable this warning
2026-09-04T15:05:15.125+05:30  WARN 21092 --- [    Test worker] .s.a.UserDetailsServiceAutoConfiguration : 

Using generated security password: de37ec3b-88a1-4634-988e-3d9a9e34e94d

This generated password is for development use only. Your security configuration must be updated before running your application in production.

2026-09-04T15:05:15.143+05:30  INFO 21092 --- [    Test worker] r$InitializeUserDetailsManagerConfigurer : Global AuthenticationManager configured with UserDetailsService bean with name inMemoryUserDetailsManager
2026-09-04T15:05:16.132+05:30  INFO 21092 --- [    Test worker] c.e.sunrise.SunriseApplicationTests      : Started SunriseApplicationTests in 8.345 seconds (process running for 10.402)
]]></system-out>
  <system-err><![CDATA[]]></system-err>
</testsuite>
